2024-07-11 17:04:30.028 [info] ログ レベル: Info
2024-07-11 17:04:30.029 [info] Git の検証が検出されました: "git"
2024-07-11 17:04:30.029 [info] "git" から Git "2.25.1" を使用しています
2024-07-11 17:04:30.029 [info] > git rev-parse --show-toplevel [3ms]
2024-07-11 17:04:30.029 [info] fatal: not a git repository (or any of the parent directories): .git
2024-07-11 17:04:30.029 [info] > git rev-parse --show-toplevel [6ms]
2024-07-11 17:04:30.029 [info] fatal: not a git repository (or any of the parent directories): .git
2024-07-11 17:04:30.044 [info] > git rev-parse --show-toplevel [1ms]
2024-07-11 17:04:30.045 [info] fatal: not a git repository (or any of the parent directories): .git
2024-07-11 17:04:30.049 [info] > git rev-parse --show-toplevel [0ms]
2024-07-11 17:04:30.049 [info] fatal: not a git repository (or any of the parent directories): .git
2024-07-11 17:04:30.052 [info] > git rev-parse --show-toplevel [1ms]
2024-07-11 17:04:30.052 [info] fatal: not a git repository (or any of the parent directories): .git
2024-07-11 17:04:30.056 [info] > git rev-parse --show-toplevel [1ms]
2024-07-11 17:04:30.056 [info] fatal: not a git repository (or any of the parent directories): .git
2024-07-11 17:04:30.061 [info] > git rev-parse --show-toplevel [1ms]
2024-07-11 17:04:30.061 [info] fatal: not a git repository (or any of the parent directories): .git
2024-07-11 17:04:30.066 [info] > git rev-parse --show-toplevel [1ms]
2024-07-11 17:04:30.066 [info] fatal: not a git repository (or any of the parent directories): .git
2024-07-11 17:04:30.070 [info] > git rev-parse --show-toplevel [1ms]
2024-07-11 17:04:30.070 [info] fatal: not a git repository (or any of the parent directories): .git
2024-07-11 17:04:30.080 [info] > git rev-parse --show-toplevel [6ms]
2024-07-11 17:04:30.080 [info] fatal: not a git repository (or any of the parent directories): .git
2024-07-11 17:04:30.123 [info] > git rev-parse --show-toplevel [3ms]
2024-07-11 17:04:30.123 [info] fatal: not a git repository (or any of the parent directories): .git
2024-07-11 17:04:30.130 [info] > git rev-parse --show-toplevel [1ms]
2024-07-11 17:04:30.130 [info] fatal: not a git repository (or any of the parent directories): .git
2024-07-11 17:04:30.133 [info] > git rev-parse --show-toplevel [1ms]
2024-07-11 17:04:30.133 [info] fatal: not a git repository (or any of the parent directories): .git
2024-07-11 17:04:30.136 [info] > git rev-parse --show-toplevel [1ms]
2024-07-11 17:04:30.136 [info] fatal: not a git repository (or any of the parent directories): .git
2024-07-11 17:04:30.139 [info] > git rev-parse --show-toplevel [0ms]
2024-07-11 17:04:30.139 [info] fatal: not a git repository (or any of the parent directories): .git
2024-07-11 17:04:50.719 [info] > git rev-parse --show-toplevel [1ms]
2024-07-11 17:04:50.723 [info] > git rev-parse --git-dir --git-common-dir [1ms]
2024-07-11 17:04:50.733 [info] Open repository: /home/myile/rowma/rowma_ros
2024-07-11 17:04:50.743 [info] > git config --get commit.template [5ms]
2024-07-11 17:04:50.744 [info] > git for-each-ref --format=%(refname)%00%(upstream:short)%00%(objectname)%00%(upstream:track)%00%(upstream:remotename)%00%(upstream:remoteref) refs/heads/master refs/remotes/master [2ms]
2024-07-11 17:04:50.748 [warning] ENOENT: no such file or directory, open '/home/myile/rowma/rowma_ros/.git/refs/remotes/origin/master'
2024-07-11 17:04:50.750 [info] > git rev-parse refs/remotes/origin/master [3ms]
2024-07-11 17:04:50.759 [info] > git status -z -uall [4ms]
2024-07-11 17:04:50.773 [info] > git for-each-ref --format=%(refname)%00%(upstream:short)%00%(objectname)%00%(upstream:track)%00%(upstream:remotename)%00%(upstream:remoteref) refs/heads/master refs/remotes/master [9ms]
2024-07-11 17:04:50.781 [info] > git config --get commit.template [9ms]
2024-07-11 17:04:50.782 [info] > git config --local branch.master.vscode-merge-base [2ms]
2024-07-11 17:04:50.782 [warning] git config failed: Failed to execute git
2024-07-11 17:04:50.790 [info] > git reflog master --grep-reflog=branch: Created from *. [4ms]
2024-07-11 17:04:50.795 [info] > git for-each-ref --format=%(refname)%00%(upstream:short)%00%(objectname)%00%(upstream:track)%00%(upstream:remotename)%00%(upstream:remoteref) refs/heads/master refs/remotes/master [6ms]
2024-07-11 17:04:50.796 [info] > git symbolic-ref --short refs/remotes/origin/HEAD [1ms]
2024-07-11 17:04:50.802 [warning] ENOENT: no such file or directory, open '/home/myile/rowma/rowma_ros/.git/refs/remotes/origin/master'
2024-07-11 17:04:50.802 [info] > git for-each-ref --format=%(refname)%00%(upstream:short)%00%(objectname)%00%(upstream:track)%00%(upstream:remotename)%00%(upstream:remoteref) refs/heads/origin/master refs/remotes/origin/master [3ms]
2024-07-11 17:04:50.807 [info] > git rev-parse refs/remotes/origin/master [6ms]
2024-07-11 17:04:50.811 [info] > git config --local branch.master.vscode-merge-base origin/master [6ms]
2024-07-11 17:04:50.818 [info] > git status -z -uall [7ms] (cancelled)
2024-07-11 17:04:50.819 [info] > git config --get commit.template [1ms]
2024-07-11 17:04:50.825 [info] > git for-each-ref --format=%(refname)%00%(upstream:short)%00%(objectname)%00%(upstream:track)%00%(upstream:remotename)%00%(upstream:remoteref) refs/heads/master refs/remotes/master [1ms]
2024-07-11 17:04:50.829 [warning] ENOENT: no such file or directory, open '/home/myile/rowma/rowma_ros/.git/refs/remotes/origin/master'
2024-07-11 17:04:50.830 [info] > git rev-parse refs/remotes/origin/master [1ms]
2024-07-11 17:04:50.836 [info] > git status -z -uall [2ms]
2024-07-11 17:04:50.861 [info] > git for-each-ref --format=%(refname)%00%(upstream:short)%00%(objectname)%00%(upstream:track)%00%(upstream:remotename)%00%(upstream:remoteref) refs/heads/master refs/remotes/master [20ms]
2024-07-11 17:04:50.865 [info] > git merge-base refs/heads/master refs/remotes/origin/master [19ms]
2024-07-11 17:04:50.870 [info] > git config --local branch.master.vscode-merge-base [6ms]
2024-07-11 17:04:50.875 [info] > git rev-list --count --left-right refs/heads/master...refs/remotes/origin/master [6ms]
2024-07-11 17:04:50.880 [info] > git for-each-ref --format=%(refname)%00%(upstream:short)%00%(objectname)%00%(upstream:track)%00%(upstream:remotename)%00%(upstream:remoteref) refs/heads/origin/master refs/remotes/origin/master [6ms]
2024-07-11 17:04:50.880 [info] > git diff --name-status -z --diff-filter=ADMR 0eae3a720221f09e7c3de8609295f0a1ac5c70e6...refs/remotes/origin/master [2ms]
2024-07-11 17:05:55.881 [info] > git check-ignore -v -z --stdin [0ms]
2024-07-11 17:06:10.910 [info] > git check-ignore -v -z --stdin [1ms]
2024-07-11 17:06:11.802 [info] > git check-ignore -v -z --stdin [1ms]
2024-07-11 17:06:13.107 [info] > git check-ignore -v -z --stdin [1ms]
2024-07-11 17:06:15.017 [info] > git check-ignore -v -z --stdin [1ms]
2024-07-11 17:06:16.096 [info] > git show --textconv :scripts/rowma [6ms]
2024-07-11 17:06:16.096 [info] > git ls-files --stage -- /home/myile/rowma/rowma_ros/scripts/rowma [2ms]
2024-07-11 17:06:16.100 [info] > git cat-file -s a24ae7177daafb08ff9436ec53fcb3351db3e623 [1ms]
2024-07-11 17:06:21.404 [info] > git rev-parse --show-toplevel [2ms]
2024-07-11 17:06:21.404 [info] fatal: not a git repository (or any of the parent directories): .git
2024-07-11 17:07:54.100 [info] > git rev-parse --show-toplevel [2ms]
2024-07-11 17:07:54.100 [info] fatal: not a git repository (or any of the parent directories): .git
2024-07-11 17:08:25.260 [info] > git rev-parse --show-toplevel [1ms]
2024-07-11 17:08:25.260 [info] fatal: not a git repository (or any of the parent directories): .git
2024-07-11 18:58:43.761 [info] > git rev-parse --show-toplevel [0ms]
2024-07-11 18:58:43.766 [info] > git rev-parse --git-dir --git-common-dir [0ms]
2024-07-11 18:58:43.771 [info] Open repository: /home/myile/.nvm
2024-07-11 18:58:43.777 [info] > git config --get commit.template [0ms]
2024-07-11 18:58:43.781 [info] > git for-each-ref --format=%(refname)%00%(upstream:short)%00%(objectname)%00%(upstream:track)%00%(upstream:remotename)%00%(upstream:remoteref) refs/heads/master refs/remotes/master [1ms]
2024-07-11 18:58:43.781 [warning] No such branch: master.
2024-07-11 18:58:43.786 [info] > git status -z -uall [0ms]
2024-07-11 18:58:43.801 [info] > git for-each-ref --format=%(refname)%00%(upstream:short)%00%(objectname)%00%(upstream:track)%00%(upstream:remotename)%00%(upstream:remoteref) refs/heads/master refs/remotes/master [10ms]
2024-07-11 18:58:43.801 [warning] No such branch: master.
2024-07-11 18:58:43.804 [info] > git config --get commit.template [3ms]
2024-07-11 18:58:43.809 [info] > git for-each-ref --format=%(refname)%00%(upstream:short)%00%(objectname)%00%(upstream:track)%00%(upstream:remotename)%00%(upstream:remoteref) refs/heads/master refs/remotes/master [1ms]
2024-07-11 18:58:43.809 [warning] No such branch: master.
2024-07-11 18:58:43.815 [info] > git status -z -uall [0ms]
2024-07-11 18:58:43.825 [info] > git for-each-ref --format=%(refname)%00%(upstream:short)%00%(objectname)%00%(upstream:track)%00%(upstream:remotename)%00%(upstream:remoteref) refs/heads/master refs/remotes/master [6ms]
2024-07-11 18:58:43.825 [warning] No such branch: master.
2024-07-11 18:58:44.311 [info] > git check-ignore -v -z --stdin [3ms]
2024-07-11 18:58:44.311 [info] > git check-ignore -v -z --stdin [1ms]
2024-07-11 18:58:46.019 [info] > git config --get commit.template [4ms]
2024-07-11 18:58:46.019 [info] > git for-each-ref --format %(refname) %(objectname) %(*objectname) refs/tags [0ms]
2024-07-11 18:58:46.032 [info] > git status -z -uall [8ms]
2024-07-11 19:13:11.409 [info] > git check-ignore -v -z --stdin [2ms]
2024-07-11 19:23:29.035 [info] > git rev-parse --show-toplevel [0ms]
2024-07-11 19:23:29.035 [info] fatal: not a git repository (or any of the parent directories): .git
2024-07-11 19:23:31.629 [info] > git rev-parse --show-toplevel [2ms]
2024-07-11 19:23:31.629 [info] fatal: not a git repository (or any of the parent directories): .git
