[rospy.client][INFO] 2024-07-11 17:08:23,909: init_node, name[/talker_15022_1720685303892], pid[15022]
[xmlrpc][INFO] 2024-07-11 17:08:23,909: XML-RPC server binding to 0.0.0.0:0
[xmlrpc][INFO] 2024-07-11 17:08:23,910: Started XML-RPC server [http://DESKTOP-ATHRI65:44993/]
[rospy.init][INFO] 2024-07-11 17:08:23,910: ROS Slave URI: [http://DESKTOP-ATHRI65:44993/]
[rospy.impl.masterslave][INFO] 2024-07-11 17:08:23,910: _ready: http://DESKTOP-ATHRI65:44993/
[rospy.registration][INFO] 2024-07-11 17:08:23,911: Registering with master node http://localhost:11311
[rospy.registration][INFO] 2024-07-11 17:08:23,911: Registering publisher topic [/chatter] type [std_msgs/String] with master
[xmlrpc][INFO] 2024-07-11 17:08:23,912: xml rpc node: starting XML-RPC server
[rosout][ERROR] 2024-07-11 17:08:23,912: Unable to immediately register with master node [http://localhost:11311]: master may not be running yet. Will keep trying.
[rospy.registration][INFO] 2024-07-11 17:08:24,113: Registering publisher topic [/chatter] type [std_msgs/String] with master
[rospy.registration][INFO] 2024-07-11 17:08:24,314: Registering publisher topic [/chatter] type [std_msgs/String] with master
[rospy.registration][INFO] 2024-07-11 17:08:24,515: Registering publisher topic [/chatter] type [std_msgs/String] with master
[rospy.registration][INFO] 2024-07-11 17:08:24,716: Registering publisher topic [/chatter] type [std_msgs/String] with master
[rospy.registration][INFO] 2024-07-11 17:08:24,917: Registering publisher topic [/chatter] type [std_msgs/String] with master
[rospy.registration][INFO] 2024-07-11 17:08:25,118: Registering publisher topic [/chatter] type [std_msgs/String] with master
[rospy.registration][INFO] 2024-07-11 17:08:25,319: Registering publisher topic [/chatter] type [std_msgs/String] with master
[rospy.registration][INFO] 2024-07-11 17:08:25,520: Registering publisher topic [/chatter] type [std_msgs/String] with master
[rospy.registration][INFO] 2024-07-11 17:08:25,721: Registering publisher topic [/chatter] type [std_msgs/String] with master
[rospy.registration][INFO] 2024-07-11 17:08:25,921: Registering publisher topic [/chatter] type [std_msgs/String] with master
[rospy.registration][INFO] 2024-07-11 17:08:26,122: Registering publisher topic [/chatter] type [std_msgs/String] with master
[rospy.registration][INFO] 2024-07-11 17:08:26,324: Registering publisher topic [/chatter] type [std_msgs/String] with master
[rospy.registration][INFO] 2024-07-11 17:08:26,525: Registering publisher topic [/chatter] type [std_msgs/String] with master
[rospy.registration][INFO] 2024-07-11 17:08:26,727: Registering publisher topic [/chatter] type [std_msgs/String] with master
[rospy.registration][INFO] 2024-07-11 17:08:26,928: Registering publisher topic [/chatter] type [std_msgs/String] with master
[rospy.registration][INFO] 2024-07-11 17:08:27,129: Registering publisher topic [/chatter] type [std_msgs/String] with master
[rospy.registration][INFO] 2024-07-11 17:08:27,330: Registering publisher topic [/chatter] type [std_msgs/String] with master
[rospy.registration][INFO] 2024-07-11 17:08:27,532: Registering publisher topic [/chatter] type [std_msgs/String] with master
[rospy.registration][INFO] 2024-07-11 17:08:27,733: Registering publisher topic [/chatter] type [std_msgs/String] with master
[rospy.registration][INFO] 2024-07-11 17:08:27,934: Registering publisher topic [/chatter] type [std_msgs/String] with master
[rospy.registration][INFO] 2024-07-11 17:08:28,136: Registering publisher topic [/chatter] type [std_msgs/String] with master
[rospy.registration][INFO] 2024-07-11 17:08:28,337: Registering publisher topic [/chatter] type [std_msgs/String] with master
[rospy.registration][INFO] 2024-07-11 17:08:28,539: Registering publisher topic [/chatter] type [std_msgs/String] with master
[rospy.registration][INFO] 2024-07-11 17:08:28,740: Registering publisher topic [/chatter] type [std_msgs/String] with master
[rospy.registration][INFO] 2024-07-11 17:08:28,941: Registering publisher topic [/chatter] type [std_msgs/String] with master
[rospy.registration][INFO] 2024-07-11 17:08:29,143: Registering publisher topic [/chatter] type [std_msgs/String] with master
[rospy.registration][INFO] 2024-07-11 17:08:29,344: Registering publisher topic [/chatter] type [std_msgs/String] with master
[rospy.registration][INFO] 2024-07-11 17:08:29,546: Registering publisher topic [/chatter] type [std_msgs/String] with master
[rospy.registration][INFO] 2024-07-11 17:08:29,747: Registering publisher topic [/chatter] type [std_msgs/String] with master
[rospy.registration][INFO] 2024-07-11 17:08:29,948: Registering publisher topic [/chatter] type [std_msgs/String] with master
[rospy.registration][INFO] 2024-07-11 17:08:30,150: Registering publisher topic [/chatter] type [std_msgs/String] with master
[rospy.registration][INFO] 2024-07-11 17:08:30,351: Registering publisher topic [/chatter] type [std_msgs/String] with master
[rospy.registration][INFO] 2024-07-11 17:08:30,553: Registering publisher topic [/chatter] type [std_msgs/String] with master
[rospy.registration][INFO] 2024-07-11 17:08:30,754: Registering publisher topic [/chatter] type [std_msgs/String] with master
[rospy.registration][INFO] 2024-07-11 17:08:30,956: Registering publisher topic [/chatter] type [std_msgs/String] with master
[rospy.registration][INFO] 2024-07-11 17:08:31,157: Registering publisher topic [/chatter] type [std_msgs/String] with master
[rospy.registration][INFO] 2024-07-11 17:08:31,359: Registering publisher topic [/chatter] type [std_msgs/String] with master
[rospy.registration][INFO] 2024-07-11 17:08:31,560: Registering publisher topic [/chatter] type [std_msgs/String] with master
[rospy.registration][INFO] 2024-07-11 17:08:31,762: Registering publisher topic [/chatter] type [std_msgs/String] with master
[rospy.registration][INFO] 2024-07-11 17:08:31,963: Registering publisher topic [/chatter] type [std_msgs/String] with master
[rospy.registration][INFO] 2024-07-11 17:08:32,165: Registering publisher topic [/chatter] type [std_msgs/String] with master
[rospy.registration][INFO] 2024-07-11 17:08:32,366: Registering publisher topic [/chatter] type [std_msgs/String] with master
[rospy.registration][INFO] 2024-07-11 17:08:32,567: Registering publisher topic [/chatter] type [std_msgs/String] with master
[rospy.registration][INFO] 2024-07-11 17:08:32,768: Registering publisher topic [/chatter] type [std_msgs/String] with master
[rospy.registration][INFO] 2024-07-11 17:08:32,969: Registering publisher topic [/chatter] type [std_msgs/String] with master
[rospy.registration][INFO] 2024-07-11 17:08:33,170: Registering publisher topic [/chatter] type [std_msgs/String] with master
[rospy.registration][INFO] 2024-07-11 17:08:33,371: Registering publisher topic [/chatter] type [std_msgs/String] with master
[rospy.registration][INFO] 2024-07-11 17:08:33,571: Registering publisher topic [/chatter] type [std_msgs/String] with master
[rospy.registration][INFO] 2024-07-11 17:08:33,773: Registering publisher topic [/chatter] type [std_msgs/String] with master
[rospy.registration][INFO] 2024-07-11 17:08:33,974: Registering publisher topic [/chatter] type [std_msgs/String] with master
[rospy.registration][INFO] 2024-07-11 17:08:34,174: Registering publisher topic [/chatter] type [std_msgs/String] with master
[rospy.registration][INFO] 2024-07-11 17:08:34,375: Registering publisher topic [/chatter] type [std_msgs/String] with master
[rospy.registration][INFO] 2024-07-11 17:08:34,577: Registering publisher topic [/chatter] type [std_msgs/String] with master
[rospy.registration][INFO] 2024-07-11 17:08:34,778: Registering publisher topic [/chatter] type [std_msgs/String] with master
[rospy.registration][INFO] 2024-07-11 17:08:34,979: Registering publisher topic [/chatter] type [std_msgs/String] with master
[rospy.registration][INFO] 2024-07-11 17:08:35,180: Registering publisher topic [/chatter] type [std_msgs/String] with master
[rospy.registration][INFO] 2024-07-11 17:08:35,381: Registering publisher topic [/chatter] type [std_msgs/String] with master
[rospy.registration][INFO] 2024-07-11 17:08:35,582: Registering publisher topic [/chatter] type [std_msgs/String] with master
[rospy.registration][INFO] 2024-07-11 17:08:35,783: Registering publisher topic [/chatter] type [std_msgs/String] with master
[rospy.registration][INFO] 2024-07-11 17:08:35,985: Registering publisher topic [/chatter] type [std_msgs/String] with master
[rospy.registration][INFO] 2024-07-11 17:08:36,186: Registering publisher topic [/chatter] type [std_msgs/String] with master
[rospy.registration][INFO] 2024-07-11 17:08:36,387: Registering publisher topic [/chatter] type [std_msgs/String] with master
[rospy.registration][INFO] 2024-07-11 17:08:36,589: Registering publisher topic [/chatter] type [std_msgs/String] with master
[rospy.registration][INFO] 2024-07-11 17:08:36,790: Registering publisher topic [/chatter] type [std_msgs/String] with master
[rospy.registration][INFO] 2024-07-11 17:08:36,992: Registering publisher topic [/chatter] type [std_msgs/String] with master
[rospy.registration][INFO] 2024-07-11 17:08:37,193: Registering publisher topic [/chatter] type [std_msgs/String] with master
[rospy.registration][INFO] 2024-07-11 17:08:37,394: Registering publisher topic [/chatter] type [std_msgs/String] with master
[rospy.registration][INFO] 2024-07-11 17:08:37,596: Registering publisher topic [/chatter] type [std_msgs/String] with master
[rospy.registration][INFO] 2024-07-11 17:08:37,797: Registering publisher topic [/chatter] type [std_msgs/String] with master
[rospy.registration][INFO] 2024-07-11 17:08:37,998: Registering publisher topic [/chatter] type [std_msgs/String] with master
[rospy.registration][INFO] 2024-07-11 17:08:38,200: Registering publisher topic [/chatter] type [std_msgs/String] with master
[rospy.registration][INFO] 2024-07-11 17:08:38,401: Registering publisher topic [/chatter] type [std_msgs/String] with master
[rospy.registration][INFO] 2024-07-11 17:08:38,604: Registering publisher topic [/chatter] type [std_msgs/String] with master
[rospy.registration][INFO] 2024-07-11 17:08:38,806: Registering publisher topic [/chatter] type [std_msgs/String] with master
[rospy.registration][INFO] 2024-07-11 17:08:39,007: Registering publisher topic [/chatter] type [std_msgs/String] with master
[rospy.registration][INFO] 2024-07-11 17:08:39,209: Registering publisher topic [/chatter] type [std_msgs/String] with master
[rospy.registration][INFO] 2024-07-11 17:08:39,410: Registering publisher topic [/chatter] type [std_msgs/String] with master
[rospy.registration][INFO] 2024-07-11 17:08:39,612: Registering publisher topic [/chatter] type [std_msgs/String] with master
[rospy.registration][INFO] 2024-07-11 17:08:39,813: Registering publisher topic [/chatter] type [std_msgs/String] with master
[rospy.registration][INFO] 2024-07-11 17:08:40,015: Registering publisher topic [/chatter] type [std_msgs/String] with master
[rospy.registration][INFO] 2024-07-11 17:08:40,216: Registering publisher topic [/chatter] type [std_msgs/String] with master
[rospy.registration][INFO] 2024-07-11 17:08:40,418: Registering publisher topic [/chatter] type [std_msgs/String] with master
[rospy.registration][INFO] 2024-07-11 17:08:40,619: Registering publisher topic [/chatter] type [std_msgs/String] with master
[rospy.registration][INFO] 2024-07-11 17:08:40,821: Registering publisher topic [/chatter] type [std_msgs/String] with master
[rospy.registration][INFO] 2024-07-11 17:08:41,022: Registering publisher topic [/chatter] type [std_msgs/String] with master
[rospy.registration][INFO] 2024-07-11 17:08:41,224: Registering publisher topic [/chatter] type [std_msgs/String] with master
[rospy.registration][INFO] 2024-07-11 17:08:41,425: Registering publisher topic [/chatter] type [std_msgs/String] with master
[rospy.registration][INFO] 2024-07-11 17:08:41,627: Registering publisher topic [/chatter] type [std_msgs/String] with master
[rospy.registration][INFO] 2024-07-11 17:08:41,828: Registering publisher topic [/chatter] type [std_msgs/String] with master
[rospy.registration][INFO] 2024-07-11 17:08:42,029: Registering publisher topic [/chatter] type [std_msgs/String] with master
[rospy.registration][INFO] 2024-07-11 17:08:42,231: Registering publisher topic [/chatter] type [std_msgs/String] with master
[rospy.registration][INFO] 2024-07-11 17:08:42,432: Registering publisher topic [/chatter] type [std_msgs/String] with master
[rospy.registration][INFO] 2024-07-11 17:08:42,633: Registering publisher topic [/chatter] type [std_msgs/String] with master
[rospy.registration][INFO] 2024-07-11 17:08:42,835: Registering publisher topic [/chatter] type [std_msgs/String] with master
[rospy.registration][INFO] 2024-07-11 17:08:43,036: Registering publisher topic [/chatter] type [std_msgs/String] with master
[rospy.registration][INFO] 2024-07-11 17:08:43,238: Registering publisher topic [/chatter] type [std_msgs/String] with master
[rospy.registration][INFO] 2024-07-11 17:08:43,439: Registering publisher topic [/chatter] type [std_msgs/String] with master
[rospy.registration][INFO] 2024-07-11 17:08:43,641: Registering publisher topic [/chatter] type [std_msgs/String] with master
[rospy.registration][INFO] 2024-07-11 17:08:43,842: Registering publisher topic [/chatter] type [std_msgs/String] with master
[rospy.registration][INFO] 2024-07-11 17:08:44,043: Registering publisher topic [/chatter] type [std_msgs/String] with master
[rospy.registration][INFO] 2024-07-11 17:08:44,244: Registering publisher topic [/chatter] type [std_msgs/String] with master
[rospy.registration][INFO] 2024-07-11 17:08:44,446: Registering publisher topic [/chatter] type [std_msgs/String] with master
[rospy.registration][INFO] 2024-07-11 17:08:44,647: Registering publisher topic [/chatter] type [std_msgs/String] with master
[rospy.registration][INFO] 2024-07-11 17:08:44,849: Registering publisher topic [/chatter] type [std_msgs/String] with master
[rospy.registration][INFO] 2024-07-11 17:08:45,050: Registering publisher topic [/chatter] type [std_msgs/String] with master
[rospy.registration][INFO] 2024-07-11 17:08:45,252: Registering publisher topic [/chatter] type [std_msgs/String] with master
[rospy.registration][INFO] 2024-07-11 17:08:45,453: Registering publisher topic [/chatter] type [std_msgs/String] with master
[rospy.registration][INFO] 2024-07-11 17:08:45,655: Registering publisher topic [/chatter] type [std_msgs/String] with master
[rospy.registration][INFO] 2024-07-11 17:08:45,856: Registering publisher topic [/chatter] type [std_msgs/String] with master
[rospy.registration][INFO] 2024-07-11 17:08:46,057: Registering publisher topic [/chatter] type [std_msgs/String] with master
[rospy.registration][INFO] 2024-07-11 17:08:46,259: Registering publisher topic [/chatter] type [std_msgs/String] with master
[rospy.registration][INFO] 2024-07-11 17:08:46,460: Registering publisher topic [/chatter] type [std_msgs/String] with master
[rospy.registration][INFO] 2024-07-11 17:08:46,662: Registering publisher topic [/chatter] type [std_msgs/String] with master
[rospy.registration][INFO] 2024-07-11 17:08:46,863: Registering publisher topic [/chatter] type [std_msgs/String] with master
[rospy.registration][INFO] 2024-07-11 17:08:47,064: Registering publisher topic [/chatter] type [std_msgs/String] with master
[rospy.registration][INFO] 2024-07-11 17:08:47,266: Registering publisher topic [/chatter] type [std_msgs/String] with master
[rospy.registration][INFO] 2024-07-11 17:08:47,467: Registering publisher topic [/chatter] type [std_msgs/String] with master
[rospy.registration][INFO] 2024-07-11 17:08:47,668: Registering publisher topic [/chatter] type [std_msgs/String] with master
[rospy.registration][INFO] 2024-07-11 17:08:47,870: Registering publisher topic [/chatter] type [std_msgs/String] with master
[rospy.registration][INFO] 2024-07-11 17:08:48,071: Registering publisher topic [/chatter] type [std_msgs/String] with master
[rospy.registration][INFO] 2024-07-11 17:08:48,273: Registering publisher topic [/chatter] type [std_msgs/String] with master
[rospy.registration][INFO] 2024-07-11 17:08:48,474: Registering publisher topic [/chatter] type [std_msgs/String] with master
[rospy.registration][INFO] 2024-07-11 17:08:48,675: Registering publisher topic [/chatter] type [std_msgs/String] with master
[rospy.registration][INFO] 2024-07-11 17:08:48,877: Registering publisher topic [/chatter] type [std_msgs/String] with master
[rospy.registration][INFO] 2024-07-11 17:08:49,078: Registering publisher topic [/chatter] type [std_msgs/String] with master
[rospy.registration][INFO] 2024-07-11 17:08:49,280: Registering publisher topic [/chatter] type [std_msgs/String] with master
[rospy.registration][INFO] 2024-07-11 17:08:49,481: Registering publisher topic [/chatter] type [std_msgs/String] with master
[rospy.registration][INFO] 2024-07-11 17:08:49,683: Registering publisher topic [/chatter] type [std_msgs/String] with master
[rospy.registration][INFO] 2024-07-11 17:08:49,884: Registering publisher topic [/chatter] type [std_msgs/String] with master
[rospy.registration][INFO] 2024-07-11 17:08:50,086: Registering publisher topic [/chatter] type [std_msgs/String] with master
[rospy.registration][INFO] 2024-07-11 17:08:50,287: Registering publisher topic [/chatter] type [std_msgs/String] with master
[rospy.registration][INFO] 2024-07-11 17:08:50,489: Registering publisher topic [/chatter] type [std_msgs/String] with master
[rospy.registration][INFO] 2024-07-11 17:08:50,690: Registering publisher topic [/chatter] type [std_msgs/String] with master
[rospy.registration][INFO] 2024-07-11 17:08:50,892: Registering publisher topic [/chatter] type [std_msgs/String] with master
[rospy.registration][INFO] 2024-07-11 17:08:51,093: Registering publisher topic [/chatter] type [std_msgs/String] with master
[rospy.registration][INFO] 2024-07-11 17:08:51,294: Registering publisher topic [/chatter] type [std_msgs/String] with master
[rospy.registration][INFO] 2024-07-11 17:08:51,496: Registering publisher topic [/chatter] type [std_msgs/String] with master
[rospy.registration][INFO] 2024-07-11 17:08:51,697: Registering publisher topic [/chatter] type [std_msgs/String] with master
[rospy.registration][INFO] 2024-07-11 17:08:51,898: Registering publisher topic [/chatter] type [std_msgs/String] with master
[rospy.registration][INFO] 2024-07-11 17:08:52,100: Registering publisher topic [/chatter] type [std_msgs/String] with master
[rospy.registration][INFO] 2024-07-11 17:08:52,302: Registering publisher topic [/chatter] type [std_msgs/String] with master
[rospy.registration][INFO] 2024-07-11 17:08:52,503: Registering publisher topic [/chatter] type [std_msgs/String] with master
[rospy.registration][INFO] 2024-07-11 17:08:52,704: Registering publisher topic [/chatter] type [std_msgs/String] with master
[rospy.registration][INFO] 2024-07-11 17:08:52,906: Registering publisher topic [/chatter] type [std_msgs/String] with master
[rospy.registration][INFO] 2024-07-11 17:08:53,107: Registering publisher topic [/chatter] type [std_msgs/String] with master
[rospy.registration][INFO] 2024-07-11 17:08:53,309: Registering publisher topic [/chatter] type [std_msgs/String] with master
[rospy.registration][INFO] 2024-07-11 17:08:53,510: Registering publisher topic [/chatter] type [std_msgs/String] with master
[rospy.registration][INFO] 2024-07-11 17:08:53,712: Registering publisher topic [/chatter] type [std_msgs/String] with master
[rospy.registration][INFO] 2024-07-11 17:08:53,913: Registering publisher topic [/chatter] type [std_msgs/String] with master
[rospy.registration][INFO] 2024-07-11 17:08:54,114: Registering publisher topic [/chatter] type [std_msgs/String] with master
[rospy.registration][INFO] 2024-07-11 17:08:54,316: Registering publisher topic [/chatter] type [std_msgs/String] with master
[rospy.registration][INFO] 2024-07-11 17:08:54,517: Registering publisher topic [/chatter] type [std_msgs/String] with master
[rospy.registration][INFO] 2024-07-11 17:08:54,719: Registering publisher topic [/chatter] type [std_msgs/String] with master
[rospy.registration][INFO] 2024-07-11 17:08:54,920: Registering publisher topic [/chatter] type [std_msgs/String] with master
[rospy.registration][INFO] 2024-07-11 17:08:55,122: Registering publisher topic [/chatter] type [std_msgs/String] with master
[rospy.registration][INFO] 2024-07-11 17:08:55,323: Registering publisher topic [/chatter] type [std_msgs/String] with master
[rospy.registration][INFO] 2024-07-11 17:08:55,524: Registering publisher topic [/chatter] type [std_msgs/String] with master
[rospy.registration][INFO] 2024-07-11 17:08:55,726: Registering publisher topic [/chatter] type [std_msgs/String] with master
[rospy.registration][INFO] 2024-07-11 17:08:55,927: Registering publisher topic [/chatter] type [std_msgs/String] with master
[rospy.registration][INFO] 2024-07-11 17:08:56,129: Registering publisher topic [/chatter] type [std_msgs/String] with master
[rospy.registration][INFO] 2024-07-11 17:08:56,330: Registering publisher topic [/chatter] type [std_msgs/String] with master
[rospy.registration][INFO] 2024-07-11 17:08:56,531: Registering publisher topic [/chatter] type [std_msgs/String] with master
[rospy.registration][INFO] 2024-07-11 17:08:56,733: Registering publisher topic [/chatter] type [std_msgs/String] with master
[rospy.registration][INFO] 2024-07-11 17:08:56,934: Registering publisher topic [/chatter] type [std_msgs/String] with master
[rospy.registration][INFO] 2024-07-11 17:08:57,135: Registering publisher topic [/chatter] type [std_msgs/String] with master
[rospy.registration][INFO] 2024-07-11 17:08:57,337: Registering publisher topic [/chatter] type [std_msgs/String] with master
[rospy.registration][INFO] 2024-07-11 17:08:57,538: Registering publisher topic [/chatter] type [std_msgs/String] with master
[rospy.registration][INFO] 2024-07-11 17:08:57,740: Registering publisher topic [/chatter] type [std_msgs/String] with master
[rospy.registration][INFO] 2024-07-11 17:08:57,941: Registering publisher topic [/chatter] type [std_msgs/String] with master
[rospy.registration][INFO] 2024-07-11 17:08:58,142: Registering publisher topic [/chatter] type [std_msgs/String] with master
[rospy.registration][INFO] 2024-07-11 17:08:58,344: Registering publisher topic [/chatter] type [std_msgs/String] with master
[rospy.registration][INFO] 2024-07-11 17:08:58,545: Registering publisher topic [/chatter] type [std_msgs/String] with master
[rospy.registration][INFO] 2024-07-11 17:08:58,747: Registering publisher topic [/chatter] type [std_msgs/String] with master
[rospy.registration][INFO] 2024-07-11 17:08:58,948: Registering publisher topic [/chatter] type [std_msgs/String] with master
[rospy.registration][INFO] 2024-07-11 17:08:59,149: Registering publisher topic [/chatter] type [std_msgs/String] with master
[rospy.registration][INFO] 2024-07-11 17:08:59,350: Registering publisher topic [/chatter] type [std_msgs/String] with master
[rospy.registration][INFO] 2024-07-11 17:08:59,551: Registering publisher topic [/chatter] type [std_msgs/String] with master
[rospy.registration][INFO] 2024-07-11 17:08:59,753: Registering publisher topic [/chatter] type [std_msgs/String] with master
[rospy.registration][INFO] 2024-07-11 17:08:59,954: Registering publisher topic [/chatter] type [std_msgs/String] with master
[rospy.registration][INFO] 2024-07-11 17:09:00,156: Registering publisher topic [/chatter] type [std_msgs/String] with master
[rospy.registration][INFO] 2024-07-11 17:09:00,357: Registering publisher topic [/chatter] type [std_msgs/String] with master
[rospy.registration][INFO] 2024-07-11 17:09:00,558: Registering publisher topic [/chatter] type [std_msgs/String] with master
[rospy.registration][INFO] 2024-07-11 17:09:00,760: Registering publisher topic [/chatter] type [std_msgs/String] with master
[rospy.registration][INFO] 2024-07-11 17:09:00,961: Registering publisher topic [/chatter] type [std_msgs/String] with master
[rospy.registration][INFO] 2024-07-11 17:09:01,163: Registering publisher topic [/chatter] type [std_msgs/String] with master
[rospy.registration][INFO] 2024-07-11 17:09:01,364: Registering publisher topic [/chatter] type [std_msgs/String] with master
[rospy.registration][INFO] 2024-07-11 17:09:01,566: Registering publisher topic [/chatter] type [std_msgs/String] with master
[rospy.registration][INFO] 2024-07-11 17:09:01,767: Registering publisher topic [/chatter] type [std_msgs/String] with master
[rospy.registration][INFO] 2024-07-11 17:09:01,969: Registering publisher topic [/chatter] type [std_msgs/String] with master
[rospy.registration][INFO] 2024-07-11 17:09:02,170: Registering publisher topic [/chatter] type [std_msgs/String] with master
[rospy.registration][INFO] 2024-07-11 17:09:02,372: Registering publisher topic [/chatter] type [std_msgs/String] with master
[rospy.registration][INFO] 2024-07-11 17:09:02,573: Registering publisher topic [/chatter] type [std_msgs/String] with master
[rospy.registration][INFO] 2024-07-11 17:09:02,774: Registering publisher topic [/chatter] type [std_msgs/String] with master
[rospy.registration][INFO] 2024-07-11 17:09:02,976: Registering publisher topic [/chatter] type [std_msgs/String] with master
[rospy.registration][INFO] 2024-07-11 17:09:03,177: Registering publisher topic [/chatter] type [std_msgs/String] with master
[rospy.registration][INFO] 2024-07-11 17:09:03,378: Registering publisher topic [/chatter] type [std_msgs/String] with master
[rospy.registration][INFO] 2024-07-11 17:09:03,579: Registering publisher topic [/chatter] type [std_msgs/String] with master
[rospy.registration][INFO] 2024-07-11 17:09:03,781: Registering publisher topic [/chatter] type [std_msgs/String] with master
[rospy.registration][INFO] 2024-07-11 17:09:03,982: Registering publisher topic [/chatter] type [std_msgs/String] with master
[rospy.registration][INFO] 2024-07-11 17:09:04,184: Registering publisher topic [/chatter] type [std_msgs/String] with master
[rospy.registration][INFO] 2024-07-11 17:09:04,385: Registering publisher topic [/chatter] type [std_msgs/String] with master
[rospy.registration][INFO] 2024-07-11 17:09:04,586: Registering publisher topic [/chatter] type [std_msgs/String] with master
[rospy.registration][INFO] 2024-07-11 17:09:04,788: Registering publisher topic [/chatter] type [std_msgs/String] with master
[rospy.registration][INFO] 2024-07-11 17:09:04,989: Registering publisher topic [/chatter] type [std_msgs/String] with master
[rospy.registration][INFO] 2024-07-11 17:09:05,191: Registering publisher topic [/chatter] type [std_msgs/String] with master
[rospy.registration][INFO] 2024-07-11 17:09:05,392: Registering publisher topic [/chatter] type [std_msgs/String] with master
[rospy.registration][INFO] 2024-07-11 17:09:05,594: Registering publisher topic [/chatter] type [std_msgs/String] with master
[rospy.registration][INFO] 2024-07-11 17:09:05,796: Registering publisher topic [/chatter] type [std_msgs/String] with master
[rospy.registration][INFO] 2024-07-11 17:09:05,997: Registering publisher topic [/chatter] type [std_msgs/String] with master
[rospy.registration][INFO] 2024-07-11 17:09:06,198: Registering publisher topic [/chatter] type [std_msgs/String] with master
[rospy.registration][INFO] 2024-07-11 17:09:06,399: Registering publisher topic [/chatter] type [std_msgs/String] with master
[rospy.registration][INFO] 2024-07-11 17:09:06,600: Registering publisher topic [/chatter] type [std_msgs/String] with master
[rospy.registration][INFO] 2024-07-11 17:09:06,802: Registering publisher topic [/chatter] type [std_msgs/String] with master
[rospy.registration][INFO] 2024-07-11 17:09:07,003: Registering publisher topic [/chatter] type [std_msgs/String] with master
[rospy.registration][INFO] 2024-07-11 17:09:07,204: Registering publisher topic [/chatter] type [std_msgs/String] with master
[rospy.registration][INFO] 2024-07-11 17:09:07,406: Registering publisher topic [/chatter] type [std_msgs/String] with master
[rospy.registration][INFO] 2024-07-11 17:09:07,607: Registering publisher topic [/chatter] type [std_msgs/String] with master
[rospy.registration][INFO] 2024-07-11 17:09:07,809: Registering publisher topic [/chatter] type [std_msgs/String] with master
[rospy.registration][INFO] 2024-07-11 17:09:08,010: Registering publisher topic [/chatter] type [std_msgs/String] with master
[rospy.registration][INFO] 2024-07-11 17:09:08,212: Registering publisher topic [/chatter] type [std_msgs/String] with master
[rospy.registration][INFO] 2024-07-11 17:09:08,413: Registering publisher topic [/chatter] type [std_msgs/String] with master
[rospy.registration][INFO] 2024-07-11 17:09:08,614: Registering publisher topic [/chatter] type [std_msgs/String] with master
[rospy.registration][INFO] 2024-07-11 17:09:08,815: Registering publisher topic [/chatter] type [std_msgs/String] with master
[rospy.registration][INFO] 2024-07-11 17:09:09,017: Registering publisher topic [/chatter] type [std_msgs/String] with master
[rospy.registration][INFO] 2024-07-11 17:09:09,218: Registering publisher topic [/chatter] type [std_msgs/String] with master
[rospy.registration][INFO] 2024-07-11 17:09:09,420: Registering publisher topic [/chatter] type [std_msgs/String] with master
[rospy.registration][INFO] 2024-07-11 17:09:09,621: Registering publisher topic [/chatter] type [std_msgs/String] with master
[rospy.registration][INFO] 2024-07-11 17:09:09,823: Registering publisher topic [/chatter] type [std_msgs/String] with master
[rospy.registration][INFO] 2024-07-11 17:09:10,024: Registering publisher topic [/chatter] type [std_msgs/String] with master
[rospy.registration][INFO] 2024-07-11 17:09:10,226: Registering publisher topic [/chatter] type [std_msgs/String] with master
[rospy.registration][INFO] 2024-07-11 17:09:10,427: Registering publisher topic [/chatter] type [std_msgs/String] with master
[rospy.registration][INFO] 2024-07-11 17:09:10,628: Registering publisher topic [/chatter] type [std_msgs/String] with master
[rospy.registration][INFO] 2024-07-11 17:09:10,829: Registering publisher topic [/chatter] type [std_msgs/String] with master
[rospy.registration][INFO] 2024-07-11 17:09:11,031: Registering publisher topic [/chatter] type [std_msgs/String] with master
[rospy.registration][INFO] 2024-07-11 17:09:11,232: Registering publisher topic [/chatter] type [std_msgs/String] with master
[rospy.registration][INFO] 2024-07-11 17:09:11,434: Registering publisher topic [/chatter] type [std_msgs/String] with master
[rospy.registration][INFO] 2024-07-11 17:09:11,635: Registering publisher topic [/chatter] type [std_msgs/String] with master
[rospy.registration][INFO] 2024-07-11 17:09:11,836: Registering publisher topic [/chatter] type [std_msgs/String] with master
[rospy.registration][INFO] 2024-07-11 17:09:12,038: Registering publisher topic [/chatter] type [std_msgs/String] with master
[rospy.registration][INFO] 2024-07-11 17:09:12,240: Registering publisher topic [/chatter] type [std_msgs/String] with master
[rospy.registration][INFO] 2024-07-11 17:09:12,441: Registering publisher topic [/chatter] type [std_msgs/String] with master
[rospy.registration][INFO] 2024-07-11 17:09:12,643: Registering publisher topic [/chatter] type [std_msgs/String] with master
[rospy.registration][INFO] 2024-07-11 17:09:12,844: Registering publisher topic [/chatter] type [std_msgs/String] with master
[rospy.registration][INFO] 2024-07-11 17:09:13,046: Registering publisher topic [/chatter] type [std_msgs/String] with master
[rospy.registration][INFO] 2024-07-11 17:09:13,247: Registering publisher topic [/chatter] type [std_msgs/String] with master
[rospy.registration][INFO] 2024-07-11 17:09:13,448: Registering publisher topic [/chatter] type [std_msgs/String] with master
[rospy.registration][INFO] 2024-07-11 17:09:13,649: Registering publisher topic [/chatter] type [std_msgs/String] with master
[rospy.registration][INFO] 2024-07-11 17:09:13,851: Registering publisher topic [/chatter] type [std_msgs/String] with master
[rospy.registration][INFO] 2024-07-11 17:09:14,053: Registering publisher topic [/chatter] type [std_msgs/String] with master
[rospy.registration][INFO] 2024-07-11 17:09:14,254: Registering publisher topic [/chatter] type [std_msgs/String] with master
[rospy.registration][INFO] 2024-07-11 17:09:14,455: Registering publisher topic [/chatter] type [std_msgs/String] with master
[rospy.registration][INFO] 2024-07-11 17:09:14,656: Registering publisher topic [/chatter] type [std_msgs/String] with master
[rospy.registration][INFO] 2024-07-11 17:09:14,857: Registering publisher topic [/chatter] type [std_msgs/String] with master
[rospy.registration][INFO] 2024-07-11 17:09:15,058: Registering publisher topic [/chatter] type [std_msgs/String] with master
[rospy.registration][INFO] 2024-07-11 17:09:15,258: Registering publisher topic [/chatter] type [std_msgs/String] with master
[rospy.registration][INFO] 2024-07-11 17:09:15,459: Registering publisher topic [/chatter] type [std_msgs/String] with master
[rospy.registration][INFO] 2024-07-11 17:09:15,660: Registering publisher topic [/chatter] type [std_msgs/String] with master
[rospy.registration][INFO] 2024-07-11 17:09:15,861: Registering publisher topic [/chatter] type [std_msgs/String] with master
[rospy.registration][INFO] 2024-07-11 17:09:16,063: Registering publisher topic [/chatter] type [std_msgs/String] with master
[rospy.registration][INFO] 2024-07-11 17:09:16,264: Registering publisher topic [/chatter] type [std_msgs/String] with master
[rospy.core][INFO] 2024-07-11 17:09:16,347: signal_shutdown [signal-2]
[rospy.registration][WARNING] 2024-07-11 17:09:16,348: cannot unregister with master due to network issues
[rospy.init][INFO] 2024-07-11 17:09:16,566: registered with master
[rospy.core][WARNING] 2024-07-11 17:09:16,566: add_shutdown_hook called after shutdown
[rospy.impl.masterslave][INFO] 2024-07-11 17:09:16,567: already shutdown
[rospy.client][WARNING] 2024-07-11 17:09:16,567: aborting node initialization as shutdown has been triggered
[rospy.core][INFO] 2024-07-11 17:09:16,643: signal_shutdown [atexit]
