2024-07-11 19:24:13.273 [info] ログ レベル: Info
2024-07-11 19:24:13.273 [info] Git の検証が検出されました: "git"
2024-07-11 19:24:13.273 [info] "git" から Git "2.25.1" を使用しています
2024-07-11 19:24:13.273 [info] > git rev-parse --show-toplevel [2ms]
2024-07-11 19:24:13.273 [info] fatal: not a git repository (or any of the parent directories): .git
2024-07-11 19:24:13.273 [info] > git rev-parse --show-toplevel [10ms]
2024-07-11 19:24:13.273 [info] fatal: not a git repository (or any of the parent directories): .git
2024-07-11 19:24:13.280 [info] > git rev-parse --show-toplevel [1ms]
2024-07-11 19:24:13.280 [info] fatal: not a git repository (or any of the parent directories): .git
2024-07-11 19:24:13.283 [info] > git rev-parse --show-toplevel [1ms]
2024-07-11 19:24:13.283 [info] fatal: not a git repository (or any of the parent directories): .git
2024-07-11 19:24:13.288 [info] > git rev-parse --show-toplevel [2ms]
2024-07-11 19:24:13.288 [info] fatal: not a git repository (or any of the parent directories): .git
2024-07-11 19:24:13.293 [info] > git rev-parse --show-toplevel [1ms]
2024-07-11 19:24:13.293 [info] fatal: not a git repository (or any of the parent directories): .git
2024-07-11 19:24:13.358 [info] > git rev-parse --show-toplevel [59ms]
2024-07-11 19:24:13.358 [info] fatal: not a git repository (or any of the parent directories): .git
2024-07-11 19:24:13.367 [info] > git rev-parse --show-toplevel [4ms]
2024-07-11 19:24:13.367 [info] fatal: not a git repository (or any of the parent directories): .git
2024-07-11 19:24:13.371 [info] > git rev-parse --show-toplevel [0ms]
2024-07-11 19:24:13.371 [info] fatal: not a git repository (or any of the parent directories): .git
2024-07-11 19:24:13.376 [info] > git rev-parse --show-toplevel [1ms]
2024-07-11 19:24:13.380 [info] > git rev-parse --git-dir --git-common-dir [1ms]
2024-07-11 19:24:13.394 [info] Open repository: /home/myile/.nvm
2024-07-11 19:24:13.406 [info] > git rev-parse --show-toplevel [2ms]
2024-07-11 19:24:13.406 [info] fatal: not a git repository (or any of the parent directories): .git
2024-07-11 19:24:13.407 [info] > git config --get commit.template [6ms]
2024-07-11 19:24:13.415 [info] > git for-each-ref --format %(refname) %(objectname) %(*objectname) refs/tags [1ms]
2024-07-11 19:24:13.420 [info] > git rev-parse --show-toplevel [8ms]
2024-07-11 19:24:13.420 [info] fatal: not a git repository (or any of the parent directories): .git
2024-07-11 19:24:13.427 [info] > git rev-parse --show-toplevel [2ms]
2024-07-11 19:24:13.427 [info] fatal: not a git repository (or any of the parent directories): .git
2024-07-11 19:24:13.431 [info] > git rev-parse --show-toplevel [1ms]
2024-07-11 19:24:13.431 [info] fatal: not a git repository (or any of the parent directories): .git
2024-07-11 19:24:13.432 [info] > git status -z -uall [13ms]
2024-07-11 19:24:13.445 [info] > git rev-parse --show-toplevel [5ms]
2024-07-11 19:24:13.445 [info] fatal: not a git repository (or any of the parent directories): .git
2024-07-11 19:24:13.449 [info] > git config --get commit.template [5ms]
2024-07-11 19:24:13.455 [info] > git rev-parse --show-toplevel [7ms]
2024-07-11 19:24:13.455 [info] fatal: not a git repository (or any of the parent directories): .git
2024-07-11 19:24:13.460 [info] > git for-each-ref --format %(refname) %(objectname) %(*objectname) refs/tags [8ms]
2024-07-11 19:24:13.463 [info] > git rev-parse --show-toplevel [4ms]
2024-07-11 19:24:13.463 [info] fatal: not a git repository (or any of the parent directories): .git
2024-07-11 19:24:13.466 [info] > git rev-parse --show-toplevel [0ms]
2024-07-11 19:24:13.466 [info] fatal: not a git repository (or any of the parent directories): .git
2024-07-11 19:24:13.470 [info] > git rev-parse --show-toplevel [0ms]
2024-07-11 19:24:13.470 [info] fatal: not a git repository (or any of the parent directories): .git
2024-07-11 19:24:13.474 [info] > git status -z -uall [12ms]
2024-07-11 19:24:13.476 [info] > git rev-parse --show-toplevel [2ms]
2024-07-11 19:24:13.476 [info] fatal: not a git repository (or any of the parent directories): .git
2024-07-11 19:24:13.958 [info] > git check-ignore -v -z --stdin [1ms]
2024-07-11 19:36:46.545 [info] > git rev-parse --show-toplevel [1ms]
2024-07-11 19:36:46.545 [info] fatal: not a git repository (or any of the parent directories): .git
2024-07-11 19:36:47.972 [info] > git rev-parse --show-toplevel [2ms]
2024-07-11 19:36:47.972 [info] fatal: not a git repository (or any of the parent directories): .git
2024-07-11 19:36:50.522 [info] > git rev-parse --show-toplevel [2ms]
2024-07-11 19:36:50.522 [info] fatal: not a git repository (or any of the parent directories): .git
2024-07-11 19:36:52.874 [info] > git rev-parse --show-toplevel [2ms]
2024-07-11 19:36:52.874 [info] fatal: not a git repository (or any of the parent directories): .git
2024-07-11 19:36:56.547 [info] > git rev-parse --show-toplevel [2ms]
2024-07-11 19:36:56.547 [info] fatal: not a git repository (or any of the parent directories): .git
2024-07-11 19:37:08.250 [info] > git rev-parse --show-toplevel [1ms]
2024-07-11 19:37:08.250 [info] fatal: not a git repository (or any of the parent directories): .git
2024-07-11 19:37:10.879 [info] > git rev-parse --show-toplevel [1ms]
2024-07-11 19:37:10.879 [info] fatal: not a git repository (or any of the parent directories): .git
